e:\课程\大二\数据结构\数据结构上机实验\lcz\lcz\debug\vc142.pdb
e:\课程\大二\数据结构\数据结构上机实验\lcz\lcz\debug\vc142.idb
e:\课程\大二\数据结构\数据结构上机实验\lcz\lcz\debug\stack_calculator.obj
e:\课程\大二\数据结构\数据结构上机实验\stack\stack_calculator\debug\vc142.pdb
e:\课程\大二\数据结构\数据结构上机实验\stack\stack_calculator\debug\vc142.idb
e:\课程\大二\数据结构\数据结构上机实验\stack\stack_calculator\debug\stack_calculator.obj
e:\课程\大二\数据结构\数据结构上机实验\lcz\debug\stack_calculator.ilk
e:\课程\大二\数据结构\数据结构上机实验\lcz\debug\stack_calculator.exe
e:\课程\大二\数据结构\数据结构上机实验\lcz\debug\stack_calculator.pdb
e:\课程\大二\数据结构\数据结构上机实验\stack\stack_calculator\debug\stack_calculator.ilk
e:\课程\大二\数据结构\数据结构上机实验\stack\stack_calculator\debug\stack_calculator.exe
e:\课程\大二\数据结构\数据结构上机实验\stack\stack_calculator\debug\stack_calculator.pdb
e:\课程\大二\数据结构\数据结构上机实验\stack\lcz\debug\lcz.obj
e:\课程\大二\数据结构\数据结构上机实验\stack\lcz\debug\stack_calculator.obj
e:\课程\大二\数据结构\数据结构上机实验\stack\lcz\debug\lcz.obj.enc
e:\课程\大二\数据结构\数据结构上机实验\stack\lcz\debug\stack_calculator.ilk
e:\课程\大二\数据结构\数据结构上机实验\stack\lcz\debug\vc142.idb
e:\课程\大二\数据结构\数据结构上机实验\stack\lcz\debug\stack_calculator.pdb
e:\课程\大二\数据结构\数据结构上机实验\stack\lcz\debug\vc142.pdb
e:\课程\大二\数据结构\数据结构上机实验\stack\debug\stack_calculator.pdb
e:\课程\大二\数据结构\数据结构上机实验\stack\debug\stack_calculator.exe
e:\课程\大二\数据结构\数据结构上机实验\stack\debug\stack_calculator.ilk
e:\课程\大二\数据结构\数据结构上机实验\stack\lcz\debug\stack_calculator.tlog\cl.command.1.tlog
e:\课程\大二\数据结构\数据结构上机实验\stack\lcz\debug\stack_calculator.tlog\cl.read.1.tlog
e:\课程\大二\数据结构\数据结构上机实验\stack\lcz\debug\stack_calculator.tlog\cl.write.1.tlog
e:\课程\大二\数据结构\数据结构上机实验\stack\lcz\debug\stack_calculator.tlog\link.command.1.tlog
e:\课程\大二\数据结构\数据结构上机实验\stack\lcz\debug\stack_calculator.tlog\link.read.1.tlog
e:\课程\大二\数据结构\数据结构上机实验\stack\lcz\debug\stack_calculator.tlog\link.write.1.tlog
